[    00000] Initializing cgroup subsys cpuset
[    0.000000] Initializing cgroup subsys cpu
[    0.000000] Initializing cgroup subsys cpuacct
[    0.000000] Linux version 4.4.0-134-generic (buildd@lgw01-amd64-033) (gcc version 5.4.0 20160609 (Ubuntu 5.4.0-6ubuntu1~16.04.10) ) #160-Ubuntu SMP Wed Aug 15 14:58:00 UTC 2018 (Ubuntu 4.4.0-134.160-generic 4.4.140)
[    0.000000] Command line: BOOT_IMAGE=/boot/vmlinuz-4.4.0-134-generic root=LABEL=cloudimg-rootfs ro console=tty1 console=ttyS0
[    0.000000] KERNEL supported cpus:
[    0.000000]   Intel GenuineIntel
[    0.000000]   AMD AuthenticAMD
[    0.000000]   Centaur CentaurHauls
[    0.000000] x86/fpu: tate_offset[2]:  576, xstate_sizes[2]:  256
[    0.000000] x86/fpu: Supporting XSAVE feature 0x01: 'x87 floating point registers'
[    0.000000] x86/fpu: Supporting XSAVE feature 0x02: 'SSE registers'
[    0.000000] x86/fpu: Supporting XSAVE feature 0x04: 'AVX registers'
[    0.000000] x86/fpu: Enabled xstate features 0x7, context size is 832 bytes, using 'standard' format.
[    0.000000] e820: BIOS-provided physical RAM map:
[    0.000000] BIOS-e820: [mem 0x0000000000000000-0x000000000009fbff] usable
[    0.000000] BIOS-e820: [mem 0x000000000009fc00-0x000000000009ffff] reserved
[    0.000000] BIOS-e820: [mem 0x00000000000f0000-0x00000000000fffff] reserved
[    0.000000] BIOS-e820: [mem 0x0000000000100000-0x000000003ffeffff] usable
[    0.000000] BIOS-e820: [mem 0x000000003fff0000-0x000000003fffffff] ACPI data
[    0.000000] BIOS-e820: [mem 0x00000000fec00000-0x00000000fec00fff] reserved
[    0.000000] BIOS-e820: [mem 0x00000000fee00000-0x00000000fee00fff] reserved
[    0.000000] BIOS-e820: [mem 0x00000000fffc0000-0x00000000ffffffff] reserved
[    0.000000] NX (Execute Disable) protection: active
[    0.000000] SMBIOS 2.5 present.
[    0.000000] Hypervisor detected: KVM
[    0.000000] e820: last_pfn = 0x3fff0 max_arch_pfn = 0x400000000
[    0.000000] MTRR: Disabled
[    0.000000] x86/PAT: MTRRs disabled, skipping PAT initialization too.
[    0.000000] CPU MTRRs all blank - virtualized system.
[    0.000000] x86/PAT: Configuration [0-7]: WB  WT  UC- UC  WB  WT  UC- UC  
[    0.000000] found SMP MP-table at [mem 0x0009fff0-0x0009ffff] mapped at [ffff88000009fff0]
[    0.000000] Scanning 1 areas for low memory corruption
[    0.000000] RAMDISK: [mem 0x3630c000-0x3717dfff]
[    0.000000] ACPI: Early table checksum verification disabled
[    0.000000] ACPI: RSDP 0x00000000000E0000 000024 (v02 VBOX  )
[    0.000000] ACPI: XSDT 0x000000003FFF0030 00003C (v01 VBOX   VBOXXSDT 00000001 ASL  00000061)
[    0.000000] ACPI: FACP 0x000000003FFF00F0 0000F4 (v04 VBOX   VBOXFACP 00000001 ASL  00000061)
[    0.000000] ACPI: DSDT 0x000000003FFF0470 0021FF (v02 VBOX   VBOXBIOS 00000002 INTL 20180105)
[    0.000000] ACPI: FACS 0x000000003FFF0200 000040
[    0.000000] ACPI: FACS 0x000000003FFF0200 000040
[    0.000000] ACPI: APIC 0x000000003FFF0240 00005C (v02 VBOX   VBOXAPIC 00000001 ASL  00000061)
[    0.000000] ACPI: SSDT 0x000000003FFF02A0 0001CC (v01 VBOX   VBOXCPUT 00000002 INTL 20180105)
[    0.000000] No NUMA configuration found
[    0.000000] Faking a node at [mem 0x0000000000000000-0x000000003ffeffff]
[    0.000000] NODE_DATA(0) allocated [mem 0x3ffeb000-0x3ffeffff]
[    0.000000] kvm-clock: Using msrs 4b564d01 and 4b564d00
[    0.000000] kvm-clock: cpu 0, msr 0:3ffe3001, primary cpu clock
[    0.000000] kvm-clock: using sched offset of 3104301451 cycles
[    0.000000] clocksource: kvm-clock: mask: 0xffffffffffffffff max_cycles: 0x1cd42e4dffb, max_idle_ns: 881590591483 ns
[    0.000000] Zone ranges:
[    0.000000]   DMA      [mem 0x0000000000001000-0x0000000000ffffff]
[    0.00000]   DMA32    [mem 0x0000000001000000-0x000000003ffeffff]
[    0.000000]   Normal   empty
[    0.000000]   Device   empty
[    0.000000] Movable zone start for each node
[    0.000000] Early memory node ranges
[    0.000000]   node   0: [mem 0x0000000000001000-0x000000000009efff]
[    0.000000]   node   0: [mem 0x0000000000100000-0x000000003ffeffff]
[    0.000000] Initmem setup node 0 [mem 0x0000000000001000-0x000000003ffeffff]
[    0.000000] ACPI: PM-Timer IO Port: 0x4008
[    0.000000] IOAPIC[0]: apic_id 2, version 32, address 0xfec00000, GSI 0-23
[    0.000000] ACPI: INT_SRC_OVR (bus 0 bus_irq 0 global_irq 2 dfl dfl)
[    0.000000] ACPI: INT_SRC_OVR (bus 0 bus_irq 9 global_irq 9 low level)
[    0.000000] Using ACPI (MADT) for SMP configuration information
[    0.000000] smpboot: Allowing 2 CPUs, 0 hotplug CPUs
[    0.000000] PM: Registered nosave memory: [mem 0x00000000-0x00000fff]
[    0.000000] PM: Registered nosave memory: [mem 0x0009f000-0x0009ffff]
[    0.000000] PM: Registered nosave memory: [mem 0x000a0000-0x000effff]
[    0.000000] PM: Registered nosave memory: [mem 0x000f0000-0x000fffff]
[    0.000000] e820: [mem 0x40000000-0xfebfffff] available for PCI devices
[    0.000000] Booting paravirtualized kernel on KVM
[    0.000000] clocksource: refined-jiffies: mask: 0xffffffff max_cycles: 0xffffffff, max_idle_ns: 7645519600211568 ns
[    0.000000] setup_percpu: NR_CPUS:512 nr_cpumask_bits:512 nr_cpu_ids:2 nr_node_ids:1
[    0.000000] PERCPU: Embedded 34 pages/cpu @ffff88003fc00000 s99544 r8192 d31528 u1048576
[    0.000000] PV qspinlock hash table entries: 256 (order: 0, 4096 bytes)
[    0.000000] Built zolits in Node order, mobility grouping on.  Total pages: 257912
[    0.000000] Policy zone: DMA32
[    0.000000] Kernel command line: BOOT_IMAGE=/boot/vmlinuz-4.4.0-134-generic root=LABEL=cloudimg-rootfs ro console=tty1 console=ttyS0
[    0.000000] PID hash table entries: 4096 (order: 3, 32768 bytes)
[    0.000000] Memory: 997724K/1048120K available (8554K kernel code, 1314K rwdata, 4004K rodata, 1516K init, 1316K bss, 50396K reserved, 0K cma-reserved)
[    0.000000] SLUB: HWalign=64, Order=0-3, MinObjects=0, CPUs=2, Nodes=1
[    0.000000] Kernel/User page tables isolation: enabled
[    0.000000] Hierarchical RCU implementation.
[    0.000000] 	Build-time adjustment of leaf fanout to 64.
[    0.000000] 	RCU restricting CPUs from NR_CPUS=512 to nr_cpu_ids=2.
[    0.000000] RCU: Adjusting geometry for rcu_fanout_leaf=64, nr_cpu_ids=2
[    0.000000] NR_IRQS:33024 nr_irqs:440 16
[    0.000000] Console: colour VGA+ 80x25
[    0.000000] console [tty1] enabled
[    0.000000] console [ttyS0] enabled
[    0.000000] tsc: Detected 2181.548 MHz processor
[    0.283508] Calibrating delay loop (skipped) preset value.. 4363.09 BogoMIPS (lpj=8726192)
[    0.284715] pid_max: default: 32768 minimum: 301
[    0.285364] ACPI: Core revision 20150930
[    0.286756] ACPI: 2 ACPI AML tables successfully acquired and loaded
[    0.287710] Security Framework initialized
[    0.288308] Yama: becoming mindful.
[    0.288857] AppArmor: AppArmor initialized
[    0.289514] Dentry cache hash table entries: 131072 (order: 8, 1048576 bytes)
[    0.290919] Inode-cache hash table entries: 65536 (order: 7, 524288 bytes)
[    0.291879] Mount-cache hash table entries: 2048 (order: 2, 16384 bytes)
[    0.292735] Mountpoint-cache hash table entries: 2048 (order: 2, 16384 bytes)
[    0.293742] Initializing cgroup subsys io
[    0.294345] Initializing cgroup subsys memory
[    0.294973] Initializing cgroup subsys devices
[    0.295622] Initializing cgroup subsys freezer
[    0.296258] Initializing cgroup subsys net_cls
[    0.296891] Initializing cgroup subsys perf_event
[    0.297547] Initializing cgroup subsys net_prio
[    0.298188] Initializing cgroup subsys hugetlb
[    0.298825] Initializing cgroup subsys pids
[    0.301083] mce: CPU supports 0 MCE banks
[    0.301689] Last level iTLB entries: 4KB 64, 2MB 8, 4MB 8
[    0.302421] Last level dTLB entries: 4KB 64, 2MB 0, 4MB 0, 1GB 4
[    0.303203] Spectre V2 : Mitigation: Full generic retpoline
[    0.303958] Spectre V2 : Speculation control IBPB not-supported IBRS not-supported
[    0.304869] Spectre V2 : Filling RSB on context switch
[    0.305785] Speculative Store Bypass: Vulnerable
[    0.308484] Freeing SMP alternatives memory: 32K
[    0.315953] ftrace: allocating 32266 entries in 127 pages
[    0.365410] smpboot: APIC(0) Converting physical 0 to logical package 0
[    0.366415] smpboot: Max logical packages: 1
[    0.367339] x2apic enabled
[    0.368061] Switched APIC routing to physical x2apic.
[    0.369780] ..TIMER: vector=0x30 apic1=0 pin1=2 apic2=-1 pin2=-1
[    0.476523] smpboot: CPU0: Intel(R) Core(TM) i5-7260U CPU @ 2.20GHz (family: 0x6, model: 0x8e, stepping: 0x9)
[    0.478191] Performance Events: unsupported p6 CPU model 142 no PMU driver, software events only.
[    0.479684] KVM setup paravirtual spinlock
[    0.488867] x86: Booting SMP configuration:
[    0.489483] .... node  #0, CPUs:      #1
[    0.490128] kvm-clock: cpu 1, msr 0:3ffe3041, secondary cpu clock
[    0.492427] mce: CPU supports 0 MCE banks
[    0.494858] x86: Booted up 1 node, 2 CPUs
[    0.495619] smpboot: Total of 2 processors activated (8726.19 BogoMIPS)
[    0.496752] devtmpfs: initialized
[    0.498268] evm: security.selinux
[    0.498798] evm: security.SMACK64
[    0.499324] evm: security.SMACK64EXEC
[    0.499882] evm: security.SMACK64TRANSMUTE
[    0.500487] evm: security.SMACK64MMAP
[    0.501049] evm: security.ima
[    0.501541] evm: security.capability
[    0.502215] clocksource: jiffies: mask: 0xffffffff max_cycles: 0xffffffff, max_idle_ns: 7645041785100000 ns
[    0.503523] futex hash table entries: 512 (order: 3, 32768 bytes)
[    0.504421] pinctrl core: initialized pinctrl subsystem
[    0.505226] RTC time: 12:50:04, date: 05/16/19
[    0.506001] NET: Registered protocol family 16
[    0.517238] cpuidle: using governor ladder
[    0.529414] cpuidle: using governor menu
[    0.548143] PCCT header not found.
[    0.548743] ACPI: bus type PCI registered
[    0.549338] acpiphp: ACPI Hot Plug PCI Controller Driver version: 0.5
[    0.550244] PCI: Using configuration type 1 for base access
[    0.561769] ACPI: Added _OSI(Module Device)
[    0.562408] ACPI: Added _OSI(Processor Device)
[    0.563044] ACPI: Added _OSI(3.0 _SCP Extensions)
[    0.563705] ACPI: Added _OSI(Processor Aggregator Device)
[    0.565012] ACPI: Executed 1 blocks of module-level executable AML code
[    0.567609] ACPI: Interpreter enabled
[    0.568176] ACPI: (supports S0 S5)
[    0.568724] ACPI: Using IOAPIC for interrupt routing
[    0.569546] PCI: Using host bridge windows from ACPI; if necessary, use "pci=nocrs" and report a bug
[    0.573681] ACPI: PCI Root Bridge [PCI0] (domain 0000 [bus 00-ff])
[    0.575244] acpi PNP0A03:00: _OSC: OS supports [ASPM ClockPM Segments MSI]
[    0.576770] acpi PNP0A03:00: _OSC: not requesting OS control; OS requires [ExtendedConfig ASPM ClockPM MSI]
[    0.578207] acpi PNP0A03:00: fail to add MMCONFIG information, can't access extended PCI configuration space under this bridge.
[    0.611796] PCI host bridge to bus 0000:00
[    0.612479] pci_bus 0000:00: root bus resource [io  0x0000-0x0cf7 window]
[    0.613475] pci_bus 0000:00: root bus resource [io  0x0d00-0xffff window]
[    0.614473] pci_bus 0000:00: root bus resource [mem 0x000a0000-0x000bffff window]
[    0.615700] pci_bus 0000:00: root bus resource [mem 0x40000000-0xfdffffff window]
[    0.616929] pci_bus 0000:00: root bus resource [bus 00-ff]
[    0.618916] pci 0000:00:01.1: legacy IDE quirk: reg 0x10: [io  0x01f0-0x01f7]
[    0.619937] pci 0000:00:01.1: legacy IDE quirk: reg 0x14: [io  0x03f6]
[    0.620895] pci 0000:00:01.1: legacy IDE quirk: reg 0x18: [io  0x0170-0x0177]
[    0.621918] pci 0000:00:01.1: legacy IDE quirk: reg 0x1c: [io  0x0376]
[    0.635276] pci 0000:00:07.0: quirk: [io  0x4000-0x403f] claimed by PIIX4 ACPI
[    0.644335] pci 0000:00:07.0: quirk: [io  0x4100-0x410f] claimed by PIIX4 SMB
[    0.653384] ACPI: PCI Interrupt Link [LNKA] (IRQs 5 9 10 *11)
[    0.654774] ACPI: PCI Interrupt Link [LNKB] (IRQs 5 9 *10 11)
[    0.656000] ACPI: PCI Interrupt Link [LNKC] (IRQs 5 *9 10 11)
[    0.657234] ACPI: PCI Interrupt Link [LNKD] (IRQs 5 9 10 *11)
[    0.658518] ACPI: Enabled 2 GPEs in block 00 to 07
[    0.659639] vgaarb: setting as boot device: PCI:0000:00:02.0
[    0.660511] vgaarb: device added: PCI:0000:00:02.0,decodes=io+mem,owns=io+mem,locks=none
[    0.661839] vgaarb: loaded
[    0.662369] vgaarb: bridge control possible 0000:00:02.0
[    0.663419] SCSI subsystem initialized
[    0.664190] ACPI: bus type USB registered
[    0.664888] usbcore: registered new interface driver usbfs
[    0.665745] usbcore: registered new interface driver hub
[    0.666577] usbcore: registered new device driver usb
[    0.667966] PCI: Using ACPI for IRQ routing
[    0.668905] NetLabel: Initializing
[    0.669517] NetLabel:  domain hash size = 128
[    0.670233] NetLabel:  protocols = UNLABELED CIPSOv4
[    0.671042] NetLabel:  unlabeled traffic allowed by default
[    0.672046] amd_nb: Cannot enumerate AMD northbridges
[    0.672915] clocksource: Switched to clocksource kvm-clock
[    0.679089] AppArmor: AppArmor Filesystem Enabled
[    0.679917] pnp: PnP ACPI init
[    0.681057] pnp: PnP ACPI: found 3 devices
[    0.689746] clocksource: acpi_pm: mask: 0xffffff max_cycles: 0xffffff, max_idle_ns: 2085701024 ns
[    0.691209] NET: Registered protocol family 2
[    0.692058] TCP established hash table entries: 8192 (order: 4, 65536 bytes)
[    0.693102] TCP bind hash table entries: 8192 (order: 5, 131072 bytes)
[    0.694075] TCP: Hash tables configured (established 8192 bind 8192)
[    0.695035] UDP hash table entries: 512 (order: 2, 16384 bytes)
[    0.695931] UDP-Lite hash table entries: 512 (order: 2, 16384 bytes)
[    0.696906] NET: Registered protocol family 1
[    0.697646] pci 0000:00:00.0: Limiting direct PCI/PCI transfers
[    0.698557] pci 0000:00:01.0: Activating ISA DMA hang workarounds
[    0.699571] Unpacking initramfs...
[    0.874883] Freeing initrd memory: 14792K
[    0.875722] platform rtc_cmos: registered platform RTC device (no PNP device found)
[    0.876995] Scanning for low memory corruption every 60 seconds
[    0.878256] audit: initializing netlink subsys (disabled)
[    0.879096] audit: type=2000 audit(1558011009.032:1): initialized
[    0.885606] Initialise system trusted keyring
[    0.886454] HugeTLB registered 2 MB page size, pre-allocated 0 pages
[    0.888503] zbud: loaded
[    0.889385] VFS: Disk quotas dquot_6.6.0
[    0.890081] VFS: Dquot-cache hash table entries: 512 (order 0, 4096 bytes)
[    0.891286] squashfs: version 4.0 (2009/01/31) Phillip Lougher
[    0.892395] fuse init (API version 7.23)
[    0.893241] Key type big_key registered
[    0.893908] Allocating IMA MOK and blacklist keyrings.
[    0.895674] Key type asymmetric registered
[    0.896372] Asymmetric key parser 'x509' registered
[    0.897175] Block layer SCSI generic (bsg) driver version 0.4 loaded (major 249)
[    0.898489] io scheduler noop registered
[    0.899146] io scheduler deadline registered (default)
[    0.899971] io scheduler cfq registered
[    0.901283] pci_hotplug: PCI Hot Plug PCI Core version: 0.5
[    0.902843] pciehp: PCI Express Hot Plug Controller Driver version: 0.4
[    0.905432] ACPI: AC Adapter [AC] (on-line)
[    0.906087] input: Power Button as /devices/LNXSYSTM:00/LNXPWRBN:00/input/input0
[    0.907166] ACPI: Power Button [PWRF]
[    0.907775] input: Sleep Button as /devices/LNXSYSTM:00/LNXSLPBN:00/input/input1
[    0.908854] ACPI: Sleep Button [SLPF]
[    0.909553] GHES: HEST is not enabled!
[    0.910224] Serial: 8250/16550 driver, 32 ports, IRQ sharing enabled
[    0.932442] 00:02: ttyS0 at I/O 0x3f8 (irq = 4, base_baud = 115200) is a 16550A
[    0.943855] Linux agpgart interface v0.103
[    0.945957] loop: module loaded
[    0.946954] scsi host0: ata_piix
[    0.947634] scsi host1: ata_piix
[    0.948251] ata1: PATA max UDMA/33 cmd 0x1f0 ctl 0x3f6 bmdma 0xd000 irq 14
[    0.949276] ata2: PATA max UDMA/33 cmd 0x170 ctl 0x376 bmdma 0xd008 irq 15
[    0.950363] libphy: Fixed MDIO Bus: probed
[    0.951063] tun: Universal TUN/TAP device driver, 1.6
[    0.951859] tun: (C) 1999-2004 Max Krasnyansky <maxk@qualcomm.com>
[    0.952907] PPP generic driver version 2.4.2
[    0.953667] ehci_hcd: USB 2.0 'Enhanced' Host Controller (EHCI) Driver
[    0.954516] ehci-pci: EHCI PCI platform driver
[    0.955159] ehci-platform: EHCI generic platform driver
[    0.955874] ohci_hcd: USB 1.1 'Open' Host Controller (OHCI) Driver
[    0.956682] ohci-pci: OHCI PCI platform driver
[    0.957344] ohci-platform: OHCI generic platform driver
[    0.958057] uhci_hcd: USB Universal Host Controller Interface driver
[    0.958917] i8042: PNP: PS/2 Controller [PNP0303:PS2K,PNP0f03:PS2M] at 0x60,0x64 irq 1,12
[    0.960467] serio: i8042 KBD port at 0x60,0x64 irq 1
[    0.961201] serio: i8042 AUX port at 0x60,0x64 irq 12
[    0.962043] mousedev: PS/2 mouse device common for all mice
[    0.963030] input: AT Translated Set 2 keyboard as /devices/platform/i8042/serio0/input/input2
[    0.964588] rtc_cmos rtc_cmos: rtc core: registered rtc_cmos as rtc0
[    0.965466] rtc_cmos rtc_cmos: alarms up to one day, 114 bytes nvram
[    0.966291] i2c /dev entries driver
[    0.966876] device-mapper: uevent: version 1.0.3
[    0.967601] device-mapper: ioctl: 4.34.0-ioctl (2015-10-28) initialised: dm-devel@redhat.com
[    0.969889] ledtrig-cpu: registered to indicate activity on CPUs
[    0.971044] NET: Registered protocol family 10
[    0.971824] NET: Registered protocol family 17
[    0.972484] Key type dns_resolver registered
[    0.973438] registered taskstats version 1
[    0.974050] Loading compiled-in X.509 certificates
[    0.975192] Loaded X.509 cert 'Build time autogenerated kernel key: 4eb3d024ac16f76c1747ffd474694c84db21038b'
[    0.976554] zswap: loaded using pool lzo/zbud
[    0.978556] Key type trusted registered
[    0.981603] Key type encrypted registered
[    0.982221] AppArmor: AppArmor sha1 policy hashing enabled
[    0.982960] ima: No TPM chip found, activating TPM-bypass!
[    0.983699] ima: Allocated hash algorithm: sha1
[    0.984366] evm: HMAC attrs: 0x1
[    0.985173]   Magic number: 3:256:835
[    0.985804] rtc_cmos rtc_cmos: setting system clock to 2019-05-16 12:50:05 UTC (1558011005)
[    0.987053] BIOS EDD facility v0.16 2004-Jun-25, 0 devices found
[    0.987839] EDD information not available.
[    1.112743] Freeing unused kernel memory: 1516K
[    1.159215] Write protecting the kernel read-only data: 14336k
[    1.160699] Freeing unused kernel memory: 1672K
[    1.161771] Freeing unused kernel memory: 92K
Loading, please wait...
starting version 229
[    1.172986] random: systemd-udevd: uninitialized urandom read (16 bytes read, 1 bits of entropy available)
[    1.173536] random: udevadm: uninitialized urandom read (16 bytes read, 1 bits of entropy available)
[    1.173556] random: udevadm: uninitialized urandom read (16 bytes read, 1 bits of entropy available)
[    1.178437] random: systemd-udevd: uninitialized urandom read (16 bytes read, 1 bits of entropy available)
[    1.182209] random: udevadm: uninitialized urandom read (16 bytes read, 1 bits of entropy available)
[    1.182250] random: udevadm: uninitialized urandom read (16 bytes read, 1 bits of entropy available)
[    1.182359] random: udevadm: uninitialized urandom read (16 bytes read, 1 bits of entropy available)
[    1.182397] random: udevadm: uninitialized urandom read (16 bytes read, 1 bits of entropy available)
[    1.182438] random: udevadm: uninitialized urandom read (16 bytes read, 1 bits of entropy available)
[    1.182476] random: udevadm: uninitialized urandom read (16 bytes read, 1 bits of entropy available)
[    1.244790] Fusion MPT base driver 3.04.20
[    1.245706] Copyright (c) 1999-2008 LSI Corporation
[    1.250134] e1000: Intel(R) PRO/1000 Network Driver - version 7.3.21-k8-NAPI
[    1.251436] e1000: Copyright (c) 1999-2006 Intel Corporation.
[    1.272548] Fusion MPT SPI Host driver 3.04.20
[    1.299642] AVX2 version of gcm_enc/dec engaged.
[    1.301136] AES CTR mode by8 optimization enabled
[    1.468971] input: ImExPS/2 Generic Explorer Mouse as /devices/platform/i8042/serio1/input/input4
[    1.616517] e1000 0000:00:03.0 eth0: (PCI:33MHz:32-bit) 02:93:23:4d:82:b3
[    1.617577] e1000 0000:00:03.0 eth0: Intel(R) PRO/1000 Network Connection
[    1.619244] mptbase: ioc0: Initiating bringup
[    1.681808] ioc0: LSI53C1030 A0: Capabilities={Initiator}
[    1.851149] scsi host2: ioc0: LSI53C1030 A0, FwRev=00000000h, Ports=1, MaxQ=256, IRQ=20
[    1.874029] tsc: Refined TSC clocksource calibration: 2201.529 MHz
[    1.921407] clocksource: tsc: mask: 0xffffffffffffffff max_cycles: 0x1fbbd725a70, max_idle_ns: 440795226717 ns
[    1.985628] scsi 2:0:0:0: Direct-Access     VBOX     HARDDISK         1.0  PQ: 0 ANSI: 5
[    1.988262] scsi target2:0:0: Beginning Domain Validation
[    1.991360] scsi target2:0:0: Domain Validation skipping write tests
[    1.993544] scsi target2:0:0: Ending Domain Validation
[    1.995476] scsi target2:0:0: asynchronous
[    1.997699] scsi 2:0:1:0: Direct-Access     VBOX     HARDDISK         1.0  PQ: 0 ANSI: 5
[    2.015680] scsi target2:0:1: Beginning Domain Validation
[    2.018474] scsi target2:0:1: Domain Validation skipping write tests
[    2.020062] scsi target2:0:1: Ending Domain Validation
[    2.021440] scsi target2:0:1: asynchronous
[    2.033899] sd 2:0:0:0: Attached scsi generic sg0 type 0
[    2.034871] sd 2:0:0:0: [sda] 20971520 512-byte logical blocks: (10.7 GB/10.0 GiB)
[    2.045969] sd 2:0:1:0: Attached scsi generic sg1 type 0
[    2.046944] sd 2:0:1:0: [sdb] 20480 512-byte logical blocks: (10.5 MB/10.0 MiB)
[    2.048146] sd 2:0:0:0: [sda] Write Protect is off
[    2.048877] sd 2:0:1:0: [sdb] Write Protect is off
[    2.049664] sd 2:0:1:0: [sdb] Incomplete mode parameter data
[    2.050456] sd 2:0:1:0: [sdb] Assuming drive cache: write through
[    2.051302] sd 2:0:0:0: [sda] Incomplete mode parameter data
[    2.052137] sd 2:0:0:0: [sda] Assuming drive cache: write through
[    2.054600]  sda: sda1
[    2.061113] sd 2:0:1:0: [sdb] Attached SCSI disk
[    2.062085] sd 2:0:0:0: [sda] Attached SCSI disk
[    2.324170] e1000 0000:00:08.0 eth1: (PCI:33MHz:32-bit) 08:00:27:8b:a7:0d
[    2.325161] e1000 0000:00:08.0 eth1: Intel(R) PRO/1000 Network Connection
[    2.326760] e1000 0000:00:03.0 enp0s3: renamed from eth0
[    2.337271] e1000 0000:00:08.0 enp0s8: renamed from eth1
Begin: Loading essential drivers[    3.678463] md: linear personality registered for level -1
 ... [    3.688557] md: multipath personality registered for level -4
[    3.691363] md: raid0 personality registered for level 0
[    3.694124] md: raid1 personality registered for level 1
[    3.764984] raid6: sse2x1   gen() 11701 MB/s
[    3.837017] raid6: sse2x1   xor()  8741 MB/s
[    3.905021] raid6: sse2x2   gen() 14406 MB/s
[    3.976977] raid6: sse2x2   xor() 10182 MB/s
[    4.045012] raid6: sse2x4   gen() 15771 MB/s
[    4.127587] raid6: sse2x4   xor() 11938 MB/s
[    4.192994] raid6: avx2x1   gen() 23330 MB/s
[    4.272499] raid6: avx2x2   gen() 27836 MB/s
[    4.349010] raid6: avx2x4   gen() 29340 MB/s
[    4.365138] raid6: using algorithm avx2x4 gen() 29340 MB/s
[    4.365873] raid6: using avx2x2 recovery algorithm
[    4.367616] xor: automatically using best checksumming function:
[    4.425262]    avx       : 74145.000 MB/sec
[    4.427026] async_tx: api initialized (async)
[    4.432310] md: raid6 personality registered for level 6
[    4.453573] md: raid5 personality registered for level 5
[    4.454302] md: raid4 personality registered for level 4
[    4.459248] md: raid10 personality registered for level 10
done.
Begin: Running /scripts/init-premount ... done.
Begin: Mounting root file system ... Begin: Running /scripts/local-top ... done.
Begin: Running /scripts/local-premount ... [    4.483019] Btrfs loaded
Scanning for Btrfs filesystems
done.
Warning: fsck no[    4.506498] EXT4-fs (sda1): INFO: recovery required on readonly filesystem
t present, so skipping root file system
[    4.547366] EXT4-fs (sda1): write access will be enabled during recovery
[    4.597451] EXT4-fs (sda1): orphan cleanup on readonly fs
[    4.602891] EXT4-fs (sda1): 6 orphan inodes deleted
[    4.603704] EXT4-fs (sda1): recovery complete
[    4.604793] EXT4-fs (sda1): mounted filesystem with ordered data mode. Opts: (null)
done.
Begin: Running /scripts/local-bottom ... done.
Begin: Running /scripts/init-bottom ... done.
[    4.731668] systemd[1]: systemd 229 running in system mode. (+PAM +AUDIT +SELINUX +IMA +APPARMOR +SMACK +SYSVINIT +UTMP +LIBCRYPTSETUP +GCRYPT +GNUTLS +ACL +XZ -LZ4 +SECCOMP +BLKID +ELFUTILS +KMOD -IDN)
[    4.737501] systemd[1]: Detected virtualization oracle.
[    4.746147] systemd[1]: Detected architecture x86-64.

Welcome to [1mUbuntu 16.04.5 LTS[0m!

[    4.755145] systemd[1]: Set hostname to <ubuntu-xenial>.
[    4.901163] systemd[1]: Reached target User and Group Name Lookups.
[[0;32m  OK  [0m] Reached target User and Group Name Lookups.
[    4.923018] systemd[1]: Listening on udev Kernel Socket.
[[0;32m  OK  [0m] Listening on udev Kernel Socket.
[    4.924598] systemd[1]: Started Trigger resolvconf update for networkd DNS.
[[0;32m  OK  [0m] Started Trigger resolvconf update for networkd DNS.
[    4.926450] systemd[1]: Listening on /dev/initctl Compatibility Named Pipe.
[[0;32m  OK  [0m] Listening on /dev/initctl Compatibility Named Pipe.
[    4.928271] systemd[1]: Listening on Syslog Socket.
[[0;32m  OK  [0m] Listening on Syslog Socket.
[    4.929757] systemd[1]: Reached target Swap.
[[0;32m  OK  [0m] Reached target Swap.
[    4.931141] systemd[1]: Listening on Journal Socket (/dev/log).
[[0;32m  OK  [0m] Listening on Journal Socket (/dev/log).
[    4.932767] systemd[1]: Reached target Encrypted Volumes.
[[0;32m  OK  [0m] Reached target Encrypted Volumes.
[    4.934391] systemd[1]: Listening on Journal Audit Socket.
[[0;32m  OK  [0m] Listening on Journal Audit Socket.
[    4.935994] systemd[1]: Started Forward Password Requests to Wall Directory Watch.
[[0;32m  OK  [0m] Started Forward Password Requests to Wall Directory Watch.
[    4.938088] systemd[1]: Listening on LVM2 poll daemon socket.
[[0;32m  OK  [0m] Listening on LVM2 poll daemon socket.
[    4.939699] systemd[1]: Reached target System Time Synchronized.
[[0;32m  OK  [0m] Reached target System Time Synchronized.
[    4.941367] systemd[1]: Listening on Device-mapper event daemon FIFOs.
[[0;32m  OK  [0m] Listening on Device-mapper event daemon FIFOs.
[    4.943198] systemd[1]: Set up automount Arbitrary Executable File Formats File System Automount Point.
[[0;32m  OK  [0m] Set up automount Arbitrary Executab...ats File System Automount Point.
[    4.945537] systemd[1]: Listening on udev Control Socket.
[[0;32m  OK  [0m] Listening on udev Control Socket.
[    4.947315] systemd[1]: Created slice System Slice.
[[0;32m  OK  [0m] Created slice System Slice.
[    4.948964] systemd[1]: Created slice system-serial\x2dgetty.slice.
[[0;32m  OK  [0m] Created slice system-serial\x2dgetty.slice.
[    4.950697] systemd[1]: Listening on LVM2 metadata daemon socket.
[[0;32m  OK  [0m] Listening on LVM2 metadata daemon socket.
[    4.952375] systemd[1]: Listening on Journal Socket.
[[0;32m  OK  [0m] Listening on Journal Socket.
[    4.965133] systemd[1]: Starting Create list of required static device nodes for the current kernel...
         Starting Create list of required st... nodes for the current kernel...
[    4.968155] systemd[1]: Mounting POSIX Message Queue File System...
         Mounting POSIX Message Queue File System...
[    4.970586] systemd[1]: Mounting Debug File System...
         Mounting Debug File System...
[    4.972820] systemd[1]: Starting Uncomplicated firewall...
         Starting Uncomplicated firewall...
[    4.975381] systemd[1]: Starting Journal Service...
         Starting Journal Service...
[    4.977602] systemd[1]: Mounting Huge Pages File System...
         Mounting Huge Pages File System...
[    4.979797] systemd[1]: Starting Monitoring of LVM2 mirrors, snapshots etc. using dmeventd or progress polling...
         Starting Monitoring of LVM2 mirrors... dmeventd or progress polling...
[    4.983237] systemd[1]: Starting Nameserver information manager...
         Starting Nameserver information manager...
[    4.994047] systemd[1]: Starting Remount Root and Kernel File Systems...
         Starting Remount Root and Kernel File Systems...
[    4.999766] systemd[1]: Starting Load Kernel Modules...
         Starting Load Kernel Modules...
[    5.001583] EXT4-fs (sda1): re-mounted. Opts: (null)
[    5.003470] systemd[1]: Starting Set console keymap...
         Starting Set console keymap...
[    5.006683] systemd[1]: Created slice User and Session Slice.
[[0;32m  OK  [0m] Created slice User and Session Slice.
[    5.009671] systemd[1]: Reached target Slices.
[[0;32m  OK  [0m] Reached target Slices.
[    5.012542] systemd[1]: Mounted POSIX Message Queue File System.
[[0;32m  OK  [0[    5.014103] Loading iSCSI transport class v2.0-870.
m] Mounted POSIX Message Queue File System.
[    5.015330] systemd[1]: Mounted Debug File System.
[[0;32m  OK  [0m] Mounted Debug File System.
[    5.017136] systemd[1]: Mounted Huge Pages File System.
[[0;32m  OK  [0m] Mounted Huge Pages File System.
[    5.020067] systemd[1]: Started Create list of required static device nodes for the current kernel.
[[0;32m  OK  [0m] Started Create list of required sta...ce nodes for the current kernel.
[    5.026535] systemd[1]: Started Uncomplicated firewall.
[    5.027369] iscsi: registered transport (tcp)
[[0;32m  OK  [0m] Started Uncomplicated firewall.
[    5.045064] iscsi: registered transport (iser)
[    5.045552] systemd[1]: Started Remount Root and Kernel File Systems.
[[0;32m  OK  [0m] Started Remount Root and Kernel File Systems.
[    5.048175] systemd[1]: Started Load Kernel Modules.
[[0;32m  OK  [0m] Started Load Kernel Modules.
[    5.050354] systemd[1]: Started Set console keymap.
[[0;32m  OK  [0m] Started Set console keymap.
[    5.052095] systemd[1]: Started Nameserver information manager.
[[0;32m  OK  [0m] Started Nameserver information manager.
[    5.055036] systemd[1]: Started Journal Service.
[[0;32m  OK  [0m] Started Journal Service.
[[0;32m  OK  [0m] Started LVM2 metadata daemon.
         Starting Apply Kernel Variables...
         Mounting FUSE Control File System...
         Starting udev Coldplug all Devices...
         Starting Load/Save Random Seed...
         Starting Flush Journal to Persistent Storage...
         Starting Create Static Device Nodes in /dev...
[[0;32m  OK  [0m] Mounted FUSE Control File System.
[[0;32m  OK  [0m] Started Apply Kernel Variables.
[[0;32m  OK  [0m] Started Load/Save Random Seed.
[[0;32m  OK  [0m] Started Create Static Device Nodes in /dev.
[[0;32m  OK  [0m] Started Monitoring of LVM2 mirrors,...ng dmeventd or progress polling.
[[0;32m  OK  [0m] Started udev Coldplug all Devices.
[[0;32m  OK  [0m] Started Flush Journal to Persistent Storage.
         Starting udev Kernel Device Manager...
[[0;32m  OK  [0m] Started udev Kernel Device Manager.
[[0;32m  OK  [0m] Reached target Local File Systems (Pre).
[[0;32m  OK  [0m] Reached target Local File Systems.
         Starting Tell Plymouth To Write Out Runtime Data...
         Starting Set console font and keymap...
         Starting Initial cloud-init job (pre-networking)...
         Starting Create Volatile Files and Directories...
         Starting LSB: AppArmor initialization...
[[0;32m  OK  [0m] Started Dispatch Password Requests to Console Directory Watch.
[[0;32m  OK  [0m] Started Tell Plymouth To Write Out Runtime Data.
[[0;32m  OK  [0m] Started Create Volatile Files and Directories.
         Starting Update UTMP about System Boot/Shutdown...
[[0;32m  OK  [0m] Started Update UTMP about System Boot/Shutdown.
[[0;32m  OK  [0m] Started LSB: AppArmor initialization.
[[0;32m  OK  [0m] Found device /dev/ttyS0.
[[0;32m  OK  [0m] Listening on Load/Save RF Kill Switch Status /dev/rfkill Watch.
[[0;32m  OK  [0m] Found device 82540EM Gigabit Ethern...r (PRO/1000 MT Desktop Adapter).
[[0;32m  OK  [0m] Found device 82540EM Gigabit Ethern...r (PRO/1000 MT Desktop Adapter).
[[0;32m  OK  [0m] Started Set console font and keymap.
[[0;32m  OK  [0m] Created slice system-getty.slice.
[    5.717370] cloud-init[477]: Cloud-init v. 18.3-9-g2e62cb8a-0ubuntu1~16.04.2 running 'init-local' at Thu, 16 May 2019 12:50:10 +0000. Up 5.48 seconds.
[[0;32m  OK  [0m] Started Initial cloud-init job (pre-networking).
[[0;32m  OK  [0m] Reached target Network (Pre).
         Starting Raise network interfaces...
[[0;32m  OK  [0m] Started ifup for enp0s3.
[[0;32m  OK  [0m] Started ifup for enp0s8.
[[0;32m  OK  [0m] Started Raise network interfaces.
[[0;32m  OK  [0m] Reached target Network.
         Starting Initial cloud-init job (metadata service crawler)...
[    6.518758] cloud-init[1072]: Cloud-init v. 18.3-9-g2e62cb8a-0ubuntu1~16.04.2 running 'init' at Thu, 16 May 2019 12:50:11 +0000. Up 6.28 seconds.
[    6.561029] [[0;32m  OK  [0m] Started Initial cloud-init job (metadata service crawler).
cloud-init[1072]: ci-info: ++++++++++++++++++++++++++++++++++++++Net device info+++++++++++++++++++++++++++++++++++++++[[0;32m  OK  [0m] Reached target System Initialization.

[    6.563700] [[0;32m  OK  [0m] Started ACPI Events Check.
[[0;32m  OK  [0m] Reached target Paths.
[[0;32m  OK  [0m] Listening on D-Bus System Message Bus Socket.
cloud-init[1072]: ci-info: +--------+------+-----------------------------+---------------+--------+-------------------+
[    6.580481]          Starting LXD - unix socket.
[[0;32m  OK  [0m] Listening on ACPID Listen Socket.
[[0;32m  OK  [0m] Listening on UUID daemon activation socket.
cloud-init[[0;32m  OK  [0m] Started Daily apt download activities.
[[0;32m  OK  [0m] Started Daily apt upgrade and clean activities.
         Starting Socket activation for snappy daemon.
[[0;32m  OK  [0m] Started Daily Cleanup of Temporary Directories.
[[0;32m  OK  [0m] Reached target Timers.
[[0;32m  OK  [0m] Reached target Network is Online.
[1072]: ci-info: | Device |  Up  |           Address           |      Mask     | Scope  |     Hw-Address    |
[    6.585552] cloud-init[1072]: ci-info: +--------+------+-----------------------------+---------------+--------+-------------------+
[    6.586871] cloud-init[1072]: ci-info: | enp0s3 | True |          10.0.2.15          | 255.255.255.0 | global | 02:93:23:4d:82:b3 |
[    6.588219] cloud-init[1072]: ci-info: | enp0s3 | True |  fe80::93:23ff:fe4d:82b3/64 |       .       |  link  | 02:93:23:4d:82:b3 |
[    6.589530] cloud-init[1072]: ci-info: | enp0s8 | True |        192.168.33.42        | 255.255.255.0 | global | 08:00:27:8b:a7:0d |
[    6.590837] cloud-init[1072]: ci-info: | enp0s8 | True | fe80::a00:27ff:fe8b:a70d/64 |       .       |  link  | 08:00:27:8b:a7:0d |
[    6.592205]          Starting iSCSI initiator daemon (iscsid)...
[[0;32m  OK  [0m] Reached target Cloud-config availability.
cloud-init[[0;32m  OK  [0m] Listening on LXD - unix socket.
[[0;32m  OK  [0m] Listening on Socket activation for snappy daemon.
[[0;32m  OK  [0m] Reached target Sockets.
[[0;32m  OK  [0m] Reached target Basic System.
[1072]: ci-info: |   lo   | True |          127.0.0.1          |   255.0.0.0   |  host  |         .         |[[0;32m  OK  [0m] Started Deferred execution scheduler.

[    6.596900]          Starting System Logging Service...
cloud-init[1072]: ci-info: |   lo   | True |           ::1/128           |       .       |  host  |         .         |
[    6.599139] cloud-init[1072]: ci-info: +--------+------+-----------------------------+---------------+--------+-------------------+
[    6.601075] cloud-init[1072]: ci-info: ++++++++++++++++++++++++++++Route IPv4 info++++++++++++++++++++++++++++[[0;32m  OK  [0m] Started ACPI event daemon.

         Starting Login Service...
[    6.604438] cloud-init[1072]: ci-info: +-------+--------------+----------+---------------+-----------+-------+
[    6.726362]          cloud-initStarting /etc/rc.local Compatibility...[1072]: 
ci-info: | Route | Destination  | Gateway  |    Genmask    | Interface | Flags |
[    6.825280] [cloud-init[0;32m  OK  [0m[1072]: ] ci-info: +-------+--------------+----------+---------------+-----------+-------+Started Unattended Upgrades Shutdown.

[    6.833800] cloud-init[1072]: ci-info: |   0   |   0.0.0.0    | 10.0.2.2 |    0.0.0.0    |   enp0s3  |   UG  |
[    6.835048] cloud-init[1072]: ci-info: |   1   |   10.0.2.0   | 0.0.0.0  | 255.255.255.0 |   enp0s3  |   U   |
[    6.836242] cloud-init[1072]: ci-info: |   2   | 192.168.33.0 | 0.0.0.0  | 255.255.255.0 |   enp0s8  |   U   |
[    6.837452] cloud-init[1072]: ci-info: +-------+--------------+----------+---------------+-----------+-------+
[    6.838654] cloud-init[1072]: ci-info: +++++++++++++++++++Route IPv6 info+++++++++++++++++++
[    6.839770] cloud-init[1072]: ci-info: +-------+-------------+---------+-----------+-------+
         Starting Snappy daemon...
[    6.845230] cloud-init[1072]: ci-info: | Route | Destination | Gateway | Interface | Flags |
[    6.860303] cloud-init[1072]: ci-info: +-------+-------------+---------+-----------+-------+
[    6.869008] cloud-init[1072]: ci-info: |   0   |  fe80::/64  |    ::   |   enp0s8  |   U   |
         Starting OpenBSD Secure Shell server...
[    6.874769] cloud-init[1072]: ci-info: |   1   |  fe80::/64  |    ::   |   enp0s3  |   U   |
[    6.877656] cloud-init[1072]: ci-info: |   4   |   ff00::/8  |    ::   |   enp0s8  |   U   |
[    6.881896] cloud-init[1072]: ci-info: |   5   |   ff00::/8  |    ::   |   enp0s3  |   U   |
[    6.885067] cloud-init[1072]: ci-info: +-------+-------------+---------+-----------+-------+
[[0;32m  OK  [0m] Started D-Bus System Message Bus.
[[0;32m  OK  [0m] Started Regular background program processing daemon.
         Starting Virtualbox guest utils...
         Starting MySQL Community Server...
         Starting LSB: Record successful boot for GRUB...
[[0;32m  OK  [0m] Started FUSE filesystem for LXC.
         Starting LSB: MD monitoring daemon...
         Starting Accounts Service...
         Starting LXD - container startup/shutdown...
[[0;32m  OK  [0m] Started System Logging Service.
[[0;32m  OK  [0m] Started OpenBSD Secure Shell server.
[[0;32m  OK  [0m] Started /etc/rc.local Compatibility.
[[0;32m  OK  [0m] Started iSCSI initiator daemon (iscsid).
         Starting Login to default iSCSI targets...
[[0;32m  OK  [0m] Started LSB: MD monitoring daemon.
[[0;32m  OK  [0m] Started Login Service.
[[0;32m  OK  [0m] Started LSB: Record successful boot for GRUB.
         Starting Authenticate and Authorize Users to Run Privileged Tasks...
[[0;32m  OK  [0m] Started Snappy daemon.
[[0;32m  OK  [0m] Started Login to default iSCSI targets.
[[0;32m  OK  [0m] Reached target Remote File Systems (Pre).
[[0;32m  OK  [0m] Reached target Remote File Systems.
         Starting LSB: daemon to balance interrupts for SMP systems...
         Starting LSB: Apache2 web server...
         Starting Permit User Sessions...
         Starting LSB: automatic crash report generation...
         Starting LSB: Set the CPU Frequency Scaling governor to "ondemand"...
         Starting Wait until snapd is fully seeded...
[[0;32m  OK  [0m] Started Permit User Sessions.
[[0;32m  OK  [0m] Started Authenticate and Authorize Users to Run Privileged Tasks.
[[0;32m  OK  [0m] Started Virtualbox guest utils.
[[0;32m  OK  [0m] Started Accounts Service.
[[0;32m  OK  [0m] Started Wait until snapd is fully seeded.
[[0;32m  OK  [0m] Started LXD - container startup/shutdown.
         Starting Apply the settings specified in cloud-config...
         Starting Hold until boot process finishes up...
         Starting Terminate Plymouth Boot Screen...
[[0;32m  OK  [0m] Started LSB: daemon to balance interrupts for SMP systems.
[[0;32m  OK  [0m] Started LSB: Set the CPU Frequency Scaling governor to "ondemand".
[[0;32m  OK  [0m] Started Hold until boot process finishes up.
[[0;32m  OK  [0m] Started Terminate Plymouth Boot Screen.
[[0;32m  OK  [0m] Started Getty on tty1.
[[0;32m  OK  [0m] Started Serial Getty on ttyS0.
[[0;32m  OK  [0m] Reached target Login Prompts.
         Starting Set console scheme...
[[0;32m  OK  [0m] Started LSB: automatic crash report generation.
[[0;32m  OK  [0m] Started Set console scheme.
[    7.708538] cloud-init[1296]: Cloud-init v. 18.3-9-g2e62cb8a-0ubuntu1~16.04.2 running 'modules:config' at Thu, 16 May 2019 12:50:12 +0000. Up 7.60 seconds.
[[0;32m  OK  [0m] Started Apply the settings specified in cloud-config.
[[0;32m  OK  [0m] Started MySQL Community Server.
[[0;32m  OK  [0m] Started LSB: Apache2 web server.
[[0;32m  OK  [0m] Reached target Multi-User System.
         Starting Execute cloud user/final scripts...
[[0;32m  OK  [0m] Reached target Graphical Interface.
         Starting Update UTMP about System Runlevel Changes...
[[0;32m  OK  [0m] Started Update UTMP about System Runlevel Changes.
[    8.886521] cloud-init[1394]: Cloud-init v. 18.3-9-g2e62cb8a-0ubuntu1~16.04.2 running 'modules:final' at Thu, 16 May 2019 12:50:13 +0000. Up 8.79 seconds.
[    8.899516] cloud-init[1394]: Cloud-init v. 18.3-9-g2e62cb8a-0ubuntu1~16.04.2 finished at Thu, 16 May 2019 12:50:13 +0000. Datasource DataSourceNoCloud [seed=/dev/sdb][dsmode=net].  Up 8.88 seconds
[[0;32m  OK  [0m] Started Execute cloud user/final scripts.
[[0;32m  OK  [0m] Reached target Cloud-init target.

Ubuntu 16.04.5 LTS ubuntu-xenial ttyS0

ubuntu-xenial login: 